\BOOKMARK [1][-]{section.1}{\376\377\225\356\230\230\200\314\146\157\116\016\221\315\217\360}{}% 1
\BOOKMARK [2][-]{subsection.1.1}{\376\377\225\356\230\230\200\314\146\157}{section.1}% 2
\BOOKMARK [2][-]{subsection.1.2}{\376\377\225\356\230\230\210\150\217\360}{section.1}% 3
\BOOKMARK [1][-]{section.2}{\376\377\225\356\230\230\122\006\147\220}{}% 4
\BOOKMARK [2][-]{subsection.2.1}{\376\377\225\356\230\230\116\000\122\006\147\220}{section.2}% 5
\BOOKMARK [2][-]{subsection.2.2}{\376\377\225\356\230\230\116\214\122\006\147\220}{section.2}% 6
\BOOKMARK [2][-]{subsection.2.3}{\376\377\225\356\230\230\116\011\122\006\147\220}{section.2}% 7
\BOOKMARK [2][-]{subsection.2.4}{\376\377\225\356\230\230\126\333\122\006\147\220}{section.2}% 8
\BOOKMARK [2][-]{subsection.2.5}{\376\377\225\356\230\230\116\224\122\006\147\220}{section.2}% 9
\BOOKMARK [1][-]{section.3}{\376\377\152\041\127\213\120\107\213\276}{}% 10
\BOOKMARK [1][-]{section.4}{\376\377\173\046\123\367\213\364\146\016}{}% 11
\BOOKMARK [1][-]{section.5}{\376\377\152\041\127\213\136\372\172\313\116\016\154\102\211\343}{}% 12
\BOOKMARK [2][-]{subsection.5.1}{\376\377\225\356\230\230\116\000\152\041\127\213\166\204\136\372\172\313\116\016\154\102\211\343}{section.5}% 13
\BOOKMARK [3][-]{subsubsection.5.1.1}{\376\377\225\356\230\230\116\000\152\041\127\213\166\204\136\372\172\313}{subsection.5.1}% 14
\BOOKMARK [3][-]{subsubsection.5.1.2}{\376\377\145\160\143\156\230\204\131\004\164\006}{subsection.5.1}% 15
\BOOKMARK [3][-]{subsubsection.5.1.3}{\376\377\000D\000i\000j\000k\000s\000t\000r\000a\173\227\154\325\166\204\123\237\164\006}{subsection.5.1}% 16
\BOOKMARK [3][-]{subsubsection.5.1.4}{\376\377\143\007\133\232\155\361\136\246\166\204\000D\000F\000S\152\041\127\213\166\204\136\372\172\313}{subsection.5.1}% 17
\BOOKMARK [3][-]{subsubsection.5.1.5}{\376\377\123\273\226\144\221\315\123\340\123\072\127\337\116\016\117\030\123\026}{subsection.5.1}% 18
\BOOKMARK [3][-]{subsubsection.5.1.6}{\376\377\142\151\145\143\152\041\127\213\166\204\137\025\121\145}{subsection.5.1}% 19
\BOOKMARK [3][-]{subsubsection.5.1.7}{\376\377\176\323\147\234\166\204\150\300\232\214}{subsection.5.1}% 20
\BOOKMARK [3][-]{subsubsection.5.1.8}{\376\377\225\356\230\230\166\204\176\323\213\272}{subsection.5.1}% 21
\BOOKMARK [2][-]{subsection.5.2}{\376\377\225\356\230\230\116\214\152\041\127\213\166\204\136\372\172\313\116\016\154\102\211\343}{section.5}% 22
\BOOKMARK [3][-]{subsubsection.5.2.1}{\376\377\225\356\230\230\116\214\166\204\152\041\127\213\136\372\172\313}{subsection.5.2}% 23
\BOOKMARK [3][-]{subsubsection.5.2.2}{\376\377\147\000\131\047\155\101\173\227\154\325\166\204\152\041\127\213\136\372\172\313}{subsection.5.2}% 24
\BOOKMARK [3][-]{subsubsection.5.2.3}{\376\377\152\041\127\213\166\204\154\102\211\343}{subsection.5.2}% 25
\BOOKMARK [3][-]{subsubsection.5.2.4}{\376\377\152\041\127\213\154\102\211\343\166\204\176\323\147\234}{subsection.5.2}% 26
\BOOKMARK [3][-]{subsubsection.5.2.5}{\376\377\152\041\127\213\150\300\232\214\116\016\122\006\147\220}{subsection.5.2}% 27
\BOOKMARK [3][-]{subsubsection.5.2.6}{\376\377\225\356\230\230\166\204\176\323\213\272}{subsection.5.2}% 28
\BOOKMARK [2][-]{subsection.5.3}{\376\377\225\356\230\230\116\011\152\041\127\213\166\204\136\372\172\313\116\016\154\102\211\343}{section.5}% 29
\BOOKMARK [3][-]{subsubsection.5.3.1}{\376\377\152\041\127\213\136\372\172\313}{subsection.5.3}% 30
\BOOKMARK [3][-]{subsubsection.5.3.2}{\376\377\135\345\117\134\221\317\121\375\145\160\166\204\136\372\172\313}{subsection.5.3}% 31
\BOOKMARK [3][-]{subsubsection.5.3.3}{\376\377\127\372\116\216\117\030\123\026\121\375\145\160\166\204\142\151\145\143\173\227\154\325}{subsection.5.3}% 32
\BOOKMARK [3][-]{subsubsection.5.3.4}{\376\377\152\041\127\213\176\323\147\234\166\204\213\304\116\367}{subsection.5.3}% 33
\BOOKMARK [3][-]{subsubsection.5.3.5}{\376\377\152\041\127\213\127\050\123\237\136\163\123\360\140\305\121\265\154\102\211\343\166\204\176\323\147\234}{subsection.5.3}% 34
\BOOKMARK [3][-]{subsubsection.5.3.6}{\376\377\127\372\116\216\204\231\162\171\123\141\155\033\166\204\145\260\136\163\123\360\213\276\177\156\145\271\150\110}{subsection.5.3}% 35
\BOOKMARK [3][-]{subsubsection.5.3.7}{\376\377\176\323\147\234\166\204\150\300\232\214}{subsection.5.3}% 36
\BOOKMARK [3][-]{subsubsection.5.3.8}{\376\377\225\356\230\230\166\204\176\323\213\272}{subsection.5.3}% 37
\BOOKMARK [2][-]{subsection.5.4}{\376\377\225\356\230\230\126\333\152\041\127\213\166\204\136\372\172\313\116\016\154\102\211\343}{section.5}% 38
\BOOKMARK [3][-]{subsubsection.5.4.1}{\376\377\145\160\143\156\230\204\131\004\164\006}{subsection.5.4}% 39
\BOOKMARK [3][-]{subsubsection.5.4.2}{\376\377\213\304\116\367\163\260\147\011\136\163\123\360\213\276\177\156\145\271\137\017}{subsection.5.4}% 40
\BOOKMARK [3][-]{subsubsection.5.4.3}{\376\377\152\041\127\213\136\372\172\313}{subsection.5.4}% 41
\BOOKMARK [3][-]{subsubsection.5.4.4}{\376\377\136\163\123\360\220\350\177\162\152\041\127\213\166\204\136\372\172\313}{subsection.5.4}% 42
\BOOKMARK [3][-]{subsubsection.5.4.5}{\376\377\152\041\127\213\154\102\211\343\166\204\176\323\147\234}{subsection.5.4}% 43
\BOOKMARK [3][-]{subsubsection.5.4.6}{\376\377\176\323\147\234\166\204\150\300\232\214}{subsection.5.4}% 44
\BOOKMARK [3][-]{subsubsection.5.4.7}{\376\377\225\356\230\230\166\204\176\323\213\272}{subsection.5.4}% 45
\BOOKMARK [2][-]{subsection.5.5}{\376\377\225\356\230\230\116\224\152\041\127\213\166\204\136\372\172\313\116\016\154\102\211\343}{section.5}% 46
\BOOKMARK [3][-]{subsubsection.5.5.1}{\376\377\152\041\127\213\136\372\172\313\155\101\172\013}{subsection.5.5}% 47
\BOOKMARK [3][-]{subsubsection.5.5.2}{\376\377\142\151\145\143\144\034\175\042\152\041\127\213\166\204\136\372\172\313}{subsection.5.5}% 48
\BOOKMARK [3][-]{subsubsection.5.5.3}{\376\377\147\000\131\047\155\101\173\227\154\325\166\204\136\372\172\313}{subsection.5.5}% 49
\BOOKMARK [3][-]{subsubsection.5.5.4}{\376\377\217\355\116\343\152\041\127\213\166\204\154\102\211\343}{subsection.5.5}% 50
\BOOKMARK [3][-]{subsubsection.5.5.5}{\376\377\152\041\127\213\154\102\211\343\166\204\176\323\147\234}{subsection.5.5}% 51
\BOOKMARK [3][-]{subsubsection.5.5.6}{\376\377\176\323\147\234\166\204\150\300\232\214\116\016\116\377\167\037}{subsection.5.5}% 52
\BOOKMARK [3][-]{subsubsection.5.5.7}{\376\377\152\041\127\213\166\204\172\063\133\232\140\047}{subsection.5.5}% 53
\BOOKMARK [3][-]{subsubsection.5.5.8}{\376\377\225\356\230\230\176\323\213\272}{subsection.5.5}% 54
\BOOKMARK [1][-]{section.6}{\376\377\152\041\127\213\213\304\116\367\116\016\145\071\217\333}{}% 55
\BOOKMARK [2][-]{subsection.6.1}{\376\377\152\041\127\213\117\030\160\271}{section.6}% 56
\BOOKMARK [2][-]{subsection.6.2}{\376\377\152\041\127\213\177\072\160\271}{section.6}% 57
\BOOKMARK [1][-]{section.7}{\376\377\226\104\137\125}{}% 58
